2025-07-15 00:13:57,119 - backend.utils.env_loader:19 - INFO - current file = D:\ai_crypto\backend\utils\env_loader.py
2025-07-15 00:13:57,120 - backend.utils.env_loader:32 - INFO - 项目根目录: D:\ai_crypto
2025-07-15 00:13:57,120 - backend.utils.env_loader:33 - INFO - 当前工作目录: D:\ai_crypto\backend\services
2025-07-15 00:13:57,122 - backend.utils.env_loader:37 - INFO - 尝试加载环境变量文件: D:\ai_crypto\.env
2025-07-15 00:13:57,125 - backend.utils.env_loader:77 - INFO - ✅ GEMINI_API_KEY: AIzaSyDz...
2025-07-15 00:13:57,125 - backend.utils.env_loader:84 - INFO - ✅ REDIS_URL: redis://...
2025-07-15 00:13:57,126 - backend.utils.env_loader:84 - INFO - ✅ GOOGLE_SEARCH_API_KEY: your_goo...
2025-07-15 00:13:57,127 - backend.utils.env_loader:84 - INFO - ✅ GOOGLE_SEARCH_ENGINE_ID: your_sea...
2025-07-15 00:13:57,128 - backend.utils.env_loader:95 - INFO - ✅ 所有必需的环境变量都已正确设置
2025-07-15 00:13:57,289 - __main__:23 - INFO - ✅ 高效Google搜索引擎已加载
2025-07-15 00:14:48,218 - backend.utils.env_loader:19 - INFO - current file = D:\ai_crypto\backend\utils\env_loader.py
2025-07-15 00:14:48,219 - backend.utils.env_loader:32 - INFO - 项目根目录: D:\ai_crypto
2025-07-15 00:14:48,219 - backend.utils.env_loader:33 - INFO - 当前工作目录: D:\ai_crypto\backend\services
2025-07-15 00:14:48,221 - backend.utils.env_loader:37 - INFO - 尝试加载环境变量文件: D:\ai_crypto\.env
2025-07-15 00:14:48,226 - backend.utils.env_loader:77 - INFO - ✅ GEMINI_API_KEY: AIzaSyDz...
2025-07-15 00:14:48,226 - backend.utils.env_loader:84 - INFO - ✅ REDIS_URL: redis://...
2025-07-15 00:14:48,226 - backend.utils.env_loader:84 - INFO - ✅ GOOGLE_SEARCH_API_KEY: your_goo...
2025-07-15 00:14:48,227 - backend.utils.env_loader:84 - INFO - ✅ GOOGLE_SEARCH_ENGINE_ID: your_sea...
2025-07-15 00:14:48,227 - backend.utils.env_loader:95 - INFO - ✅ 所有必需的环境变量都已正确设置
2025-07-15 00:14:48,378 - __main__:23 - INFO - ✅ 高效Google搜索引擎已加载
2025-07-15 00:32:32,344 - backend.utils.env_loader:19 - INFO - current file = D:\ai_crypto\backend\utils\env_loader.py
2025-07-15 00:32:32,345 - backend.utils.env_loader:32 - INFO - 项目根目录: D:\ai_crypto
2025-07-15 00:32:32,345 - backend.utils.env_loader:33 - INFO - 当前工作目录: D:\ai_crypto\backend\services
2025-07-15 00:32:32,347 - backend.utils.env_loader:37 - INFO - 尝试加载环境变量文件: D:\ai_crypto\.env
2025-07-15 00:32:32,349 - backend.utils.env_loader:77 - INFO - ✅ GEMINI_API_KEY: AIzaSyDz...
2025-07-15 00:32:32,350 - backend.utils.env_loader:84 - INFO - ✅ REDIS_URL: redis://...
2025-07-15 00:32:32,350 - backend.utils.env_loader:84 - INFO - ✅ GOOGLE_SEARCH_API_KEY: your_goo...
2025-07-15 00:32:32,350 - backend.utils.env_loader:84 - INFO - ✅ GOOGLE_SEARCH_ENGINE_ID: your_sea...
2025-07-15 00:32:32,351 - backend.utils.env_loader:95 - INFO - ✅ 所有必需的环境变量都已正确设置
2025-07-15 00:32:32,525 - __main__:23 - INFO - ✅ 高效Google搜索引擎已加载
